<?xml version="1.0" encoding="UTF-8"?>
<!-- Generated by org.testng.reporters.JUnitReportReporter -->
<testsuite hostname="DESKTOP-0VDI19I" failures="0" tests="3" name="testng.Test03Order" time="0.001" errors="0" timestamp="2023-12-26T19:10:07 CST" skipped="0">
  <testcase classname="testng.Test03Order" name="one" time="0.000"/>
  <testcase classname="testng.Test03Order" name="three" time="0.000"/>
  <testcase classname="testng.Test03Order" name="two" time="0.001"/>
</testsuite> <!-- testng.Test03Order -->
