<?xml version="1.0" encoding="UTF-8"?>
<!-- Generated by org.testng.reporters.JUnitReportReporter -->
<testsuite hostname="DESKTOP-0VDI19I" failures="0" tests="2" name="testng.Test01Add" time="0.005" errors="0" timestamp="2023-12-26T19:10:07 CST" skipped="0">
  <testcase classname="testng.Test01Add" name="test02Add" time="0.000"/>
  <testcase classname="testng.Test01Add" name="test01Add" time="0.005"/>
</testsuite> <!-- testng.Test01Add -->
