<?xml version="1.0" encoding="UTF-8"?>
<!-- Generated by org.testng.reporters.JUnitReportReporter -->
<testsuite hostname="DESKTOP-0VDI19I" failures="0" tests="2" name="testng.Test02Time" time="0.000" errors="0" timestamp="2023-12-26T19:10:07 CST" skipped="0">
  <testcase classname="testng.Test02Time" name="test01" time="0.000"/>
  <testcase classname="testng.Test02Time" name="test02" time="0.000"/>
</testsuite> <!-- testng.Test02Time -->
