<?xml version="1.0" encoding="UTF-8"?>
<testsuite xmlns:xsi="http://www.w3.org/2001/XMLSchema-instance" xsi:noNamespaceSchemaLocation="https://maven.apache.org/surefire/maven-surefire-plugin/xsd/surefire-test-report.xsd" name="TestSuite" time="0.485" tests="10" errors="0" skipped="0" failures="0">
  <properties>
    <property name="java.specification.version" value="17"/>
    <property name="sun.cpu.isalist" value="amd64"/>
    <property name="sun.jnu.encoding" value="GBK"/>
    <property name="java.class.path" value="C:\application\gitee\JavaLearning\InterfaceTesting\day5\target\test-classes;C:\application\gitee\JavaLearning\InterfaceTesting\day5\target\classes;C:\Users\12109\.m2\repository\org\testng\testng\7.0.0\testng-7.0.0.jar;C:\Users\12109\.m2\repository\com\beust\jcommander\1.72\jcommander-1.72.jar;C:\Users\12109\.m2\repository\org\uncommons\reportng\1.1.4\reportng-1.1.4.jar;C:\Users\12109\.m2\repository\velocity\velocity\1.4\velocity-1.4.jar;C:\Users\12109\.m2\repository\velocity\velocity-dep\1.4\velocity-dep-1.4.jar;C:\Users\12109\.m2\repository\com\google\inject\guice\4.1.0\guice-4.1.0.jar;C:\Users\12109\.m2\repository\javax\inject\javax.inject\1\javax.inject-1.jar;C:\Users\12109\.m2\repository\aopalliance\aopalliance\1.0\aopalliance-1.0.jar;C:\Users\12109\.m2\repository\com\google\guava\guava\19.0\guava-19.0.jar;"/>
    <property name="java.vm.vendor" value="Oracle Corporation"/>
    <property name="sun.arch.data.model" value="64"/>
    <property name="user.variant" value=""/>
    <property name="java.vendor.url" value="https://java.oracle.com/"/>
    <property name="user.timezone" value="Asia/Shanghai"/>
    <property name="os.name" value="Windows 10"/>
    <property name="java.vm.specification.version" value="17"/>
    <property name="sun.java.launcher" value="SUN_STANDARD"/>
    <property name="user.country" value="CN"/>
    <property name="sun.boot.library.path" value="C:\application\JavaConfiguration\jdk17\bin"/>
    <property name="sun.java.command" value="C:\Users\12109\AppData\Local\Temp\surefire1174348554510239100\surefirebooter11015106372196932452.jar C:\Users\12109\AppData\Local\Temp\surefire1174348554510239100 2023-12-26T19-10-06_108-jvmRun1 surefire9097837325493801064tmp surefire_017977536334191990545tmp"/>
    <property name="jdk.debug" value="release"/>
    <property name="surefire.test.class.path" value="C:\application\gitee\JavaLearning\InterfaceTesting\day5\target\test-classes;C:\application\gitee\JavaLearning\InterfaceTesting\day5\target\classes;C:\Users\12109\.m2\repository\org\testng\testng\7.0.0\testng-7.0.0.jar;C:\Users\12109\.m2\repository\com\beust\jcommander\1.72\jcommander-1.72.jar;C:\Users\12109\.m2\repository\org\uncommons\reportng\1.1.4\reportng-1.1.4.jar;C:\Users\12109\.m2\repository\velocity\velocity\1.4\velocity-1.4.jar;C:\Users\12109\.m2\repository\velocity\velocity-dep\1.4\velocity-dep-1.4.jar;C:\Users\12109\.m2\repository\com\google\inject\guice\4.1.0\guice-4.1.0.jar;C:\Users\12109\.m2\repository\javax\inject\javax.inject\1\javax.inject-1.jar;C:\Users\12109\.m2\repository\aopalliance\aopalliance\1.0\aopalliance-1.0.jar;C:\Users\12109\.m2\repository\com\google\guava\guava\19.0\guava-19.0.jar;"/>
    <property name="sun.cpu.endian" value="little"/>
    <property name="user.home" value="C:\Users\12109"/>
    <property name="user.language" value="zh"/>
    <property name="java.specification.vendor" value="Oracle Corporation"/>
    <property name="java.version.date" value="2023-04-18"/>
    <property name="java.home" value="C:\application\JavaConfiguration\jdk17"/>
    <property name="file.separator" value="\"/>
    <property name="basedir" value="C:\application\gitee\JavaLearning\InterfaceTesting\day5"/>
    <property name="java.vm.compressedOopsMode" value="Zero based"/>
    <property name="line.separator" value="&#10;"/>
    <property name="java.vm.specification.vendor" value="Oracle Corporation"/>
    <property name="java.specification.name" value="Java Platform API Specification"/>
    <property name="surefire.real.class.path" value="C:\Users\12109\AppData\Local\Temp\surefire1174348554510239100\surefirebooter11015106372196932452.jar"/>
    <property name="user.script" value=""/>
    <property name="sun.management.compiler" value="HotSpot 64-Bit Tiered Compilers"/>
    <property name="java.runtime.version" value="17.0.7+8-LTS-224"/>
    <property name="user.name" value="12109"/>
    <property name="path.separator" value=";"/>
    <property name="os.version" value="10.0"/>
    <property name="java.runtime.name" value="Java(TM) SE Runtime Environment"/>
    <property name="file.encoding" value="UTF-8"/>
    <property name="java.vm.name" value="Java HotSpot(TM) 64-Bit Server VM"/>
    <property name="localRepository" value="C:\Users\12109\.m2\repository"/>
    <property name="java.vendor.url.bug" value="https://bugreport.java.com/bugreport/"/>
    <property name="java.io.tmpdir" value="C:\Users\12109\AppData\Local\Temp\"/>
    <property name="idea.version" value="2023.2.5"/>
    <property name="java.version" value="17.0.7"/>
    <property name="user.dir" value="C:\application\gitee\JavaLearning\InterfaceTesting\day5"/>
    <property name="os.arch" value="amd64"/>
    <property name="java.vm.specification.name" value="Java Virtual Machine Specification"/>
    <property name="sun.os.patch.level" value=""/>
    <property name="native.encoding" value="GBK"/>
    <property name="java.library.path" value="C:\application\JavaConfiguration\jdk17\bin;C:\Windows\Sun\Java\bin;C:\Windows\system32;C:\Windows;C:\Windows\system32;C:\Windows;C:\Windows\System32\Wbem;C:\Windows\System32\WindowsPowerShell\v1.0\;C:\Windows\System32\OpenSSH\;C:\application\JavaConfiguration\jdk17\bin;C:\application\JavaConfiguration\git\Git\cmd;C:\Program Files\TortoiseGit\bin;C:\Program Files\nodejs\;C:\Users\12109\AppData\Local\Programs\Python\Python37\Scripts;C:\application\JavaConfiguration\apache-maven-3.8.8-bin\apache-maven-3.8.8\bin;C:\Users\12109\AppData\Local\Programs\Python\Python37\Scripts\;C:\Users\12109\AppData\Local\Programs\Python\Python37\;C:\Users\12109\AppData\Local\Microsoft\WindowsApps;C:\application\Google\Chrome\Application;C:\application\python\PyCharm 2023.2.5\bin;C:\application\python\PyCharm Community Edition 2023.2.5\bin;C:\Users\12109\AppData\Roaming\npm;C:\application\JavaSoftware\idea2023\IntelliJ IDEA 2023.2.5\bin;C:\Users\12109\AppData\Local\Programs\Fiddler;C:\Users\12109\AppData\Local\Programs\Python\Python37\Scripts;;."/>
    <property name="java.vm.info" value="mixed mode, sharing"/>
    <property name="java.vendor" value="Oracle Corporation"/>
    <property name="java.vm.version" value="17.0.7+8-LTS-224"/>
    <property name="sun.io.unicode.encoding" value="UnicodeLittle"/>
    <property name="maven.repo.local" value="C:\Users\12109\.m2\repository"/>
    <property name="java.class.version" value="61.0"/>
  </properties>
  <testcase name="test01Add" classname="testng.Test01Add" time="0.006"/>
  <testcase name="test02Add" classname="testng.Test01Add" time="0"/>
  <testcase name="test01" classname="testng.Test02Time" time="0"/>
  <testcase name="test02" classname="testng.Test02Time" time="0.001"/>
  <testcase name="one" classname="testng.Test03Order" time="0"/>
  <testcase name="two" classname="testng.Test03Order" time="0"/>
  <testcase name="three" classname="testng.Test03Order" time="0"/>
  <testcase name="openApp" classname="testng.Test08Depend" time="0"/>
  <testcase name="inputUsername" classname="testng.Test08Depend" time="0"/>
  <testcase name="login" classname="testng.Test08Depend" time="0"/>
</testsuite>